{"uuid":"38d3417a-d3c0-4c33-b477-c6cb0c3a3948","historyId":"82ac71200749257505363f375c4f6c94","fullName":"jsonPlaceHolder.tests.PostsTests.createNewPost","labels":[{"name":"package","value":"jsonPlaceHolder.tests.PostsTests"},{"name":"testClass","value":"jsonPlaceHolder.tests.PostsTests"},{"name":"testMethod","value":"createNewPost"},{"name":"parentSuite","value":"Default Suite"},{"name":"suite","value":"JsonPlaceHolder"},{"name":"subSuite","value":"jsonPlaceHolder.tests.PostsTests"},{"name":"host","value":"wsd-160-71"},{"name":"thread","value":"14440@wsd-160-71.main(1)"}],"links":[],"name":"createNewPost","status":"broken","statusDetails":{"known":false,"muted":false,"flaky":false,"message":"com.google.gson.JsonPrimitive cannot be cast to com.google.gson.JsonObject","trace":"java.lang.ClassCastException: com.google.gson.JsonPrimitive cannot be cast to com.google.gson.JsonObject\r\n\tat com.google.gson.JsonObject.getAsJsonObject(JsonObject.java:192)\r\n\tat jsonPlaceHolder.adapters.PostsAdapter.postPost(PostsAdapter.java:11)\r\n\tat jsonPlaceHolder.tests.PostsTests.createNewPost_aroundBody6(PostsTests.java:40)\r\n\tat jsonPlaceHolder.tests.PostsTests$AjcClosure7.run(PostsTests.java:1)\r\n\tat org.aspectj.runtime.reflect.JoinPointImpl.proceed(JoinPointImpl.java:149)\r\n\tat io.qameta.allure.aspects.StepsAspects.step(StepsAspects.java:51)\r\n\tat jsonPlaceHolder.tests.PostsTests.createNewPost(PostsTests.java:34)\r\n\tat sun.reflect.NativeMethodAccessorImpl.invoke0(Native Method)\r\n\tat sun.reflect.NativeMethodAccessorImpl.invoke(NativeMethodAccessorImpl.java:62)\r\n\tat sun.reflect.DelegatingMethodAccessorImpl.invoke(DelegatingMethodAccessorImpl.java:43)\r\n\tat java.lang.reflect.Method.invoke(Method.java:498)\r\n\tat org.testng.internal.MethodInvocationHelper.invokeMethod(MethodInvocationHelper.java:133)\r\n\tat org.testng.internal.TestInvoker.invokeMethod(TestInvoker.java:584)\r\n\tat org.testng.internal.TestInvoker.invokeTestMethod(TestInvoker.java:172)\r\n\tat org.testng.internal.MethodRunner.runInSequence(MethodRunner.java:46)\r\n\tat org.testng.internal.TestInvoker$MethodInvocationAgent.invoke(TestInvoker.java:804)\r\n\tat org.testng.internal.TestInvoker.invokeTestMethods(TestInvoker.java:145)\r\n\tat org.testng.internal.TestMethodWorker.invokeTestMethods(TestMethodWorker.java:146)\r\n\tat org.testng.internal.TestMethodWorker.run(TestMethodWorker.java:128)\r\n\tat java.util.ArrayList.forEach(ArrayList.java:1259)\r\n\tat org.testng.TestRunner.privateRun(TestRunner.java:770)\r\n\tat org.testng.TestRunner.run(TestRunner.java:591)\r\n\tat org.testng.SuiteRunner.runTest(SuiteRunner.java:402)\r\n\tat org.testng.SuiteRunner.runSequentially(SuiteRunner.java:396)\r\n\tat org.testng.SuiteRunner.privateRun(SuiteRunner.java:355)\r\n\tat org.testng.SuiteRunner.run(SuiteRunner.java:304)\r\n\tat org.testng.SuiteRunnerWorker.runSuite(SuiteRunnerWorker.java:53)\r\n\tat org.testng.SuiteRunnerWorker.run(SuiteRunnerWorker.java:96)\r\n\tat org.testng.TestNG.runSuitesSequentially(TestNG.java:1180)\r\n\tat org.testng.TestNG.runSuitesLocally(TestNG.java:1102)\r\n\tat org.testng.TestNG.runSuites(TestNG.java:1032)\r\n\tat org.testng.TestNG.run(TestNG.java:1000)\r\n\tat com.intellij.rt.testng.IDEARemoteTestNG.run(IDEARemoteTestNG.java:66)\r\n\tat com.intellij.rt.testng.RemoteTestNGStarter.main(RemoteTestNGStarter.java:109)\r\n"},"stage":"finished","start":1626430354802,"stop":1626430356680,"steps":[{"name":"Add new post","status":"broken","statusDetails":{"known":false,"muted":false,"flaky":false,"message":"com.google.gson.JsonPrimitive cannot be cast to com.google.gson.JsonObject","trace":"java.lang.ClassCastException: com.google.gson.JsonPrimitive cannot be cast to com.google.gson.JsonObject\r\n\tat com.google.gson.JsonObject.getAsJsonObject(JsonObject.java:192)\r\n\tat jsonPlaceHolder.adapters.PostsAdapter.postPost(PostsAdapter.java:11)\r\n\tat jsonPlaceHolder.tests.PostsTests.createNewPost_aroundBody6(PostsTests.java:40)\r\n\tat jsonPlaceHolder.tests.PostsTests$AjcClosure7.run(PostsTests.java:1)\r\n\tat org.aspectj.runtime.reflect.JoinPointImpl.proceed(JoinPointImpl.java:149)\r\n\tat io.qameta.allure.aspects.StepsAspects.step(StepsAspects.java:51)\r\n\tat jsonPlaceHolder.tests.PostsTests.createNewPost(PostsTests.java:34)\r\n\tat sun.reflect.NativeMethodAccessorImpl.invoke0(Native Method)\r\n\tat sun.reflect.NativeMethodAccessorImpl.invoke(NativeMethodAccessorImpl.java:62)\r\n\tat sun.reflect.DelegatingMethodAccessorImpl.invoke(DelegatingMethodAccessorImpl.java:43)\r\n\tat java.lang.reflect.Method.invoke(Method.java:498)\r\n\tat org.testng.internal.MethodInvocationHelper.invokeMethod(MethodInvocationHelper.java:133)\r\n\tat org.testng.internal.TestInvoker.invokeMethod(TestInvoker.java:584)\r\n\tat org.testng.internal.TestInvoker.invokeTestMethod(TestInvoker.java:172)\r\n\tat org.testng.internal.MethodRunner.runInSequence(MethodRunner.java:46)\r\n\tat org.testng.internal.TestInvoker$MethodInvocationAgent.invoke(TestInvoker.java:804)\r\n\tat org.testng.internal.TestInvoker.invokeTestMethods(TestInvoker.java:145)\r\n\tat org.testng.internal.TestMethodWorker.invokeTestMethods(TestMethodWorker.java:146)\r\n\tat org.testng.internal.TestMethodWorker.run(TestMethodWorker.java:128)\r\n\tat java.util.ArrayList.forEach(ArrayList.java:1259)\r\n\tat org.testng.TestRunner.privateRun(TestRunner.java:770)\r\n\tat org.testng.TestRunner.run(TestRunner.java:591)\r\n\tat org.testng.SuiteRunner.runTest(SuiteRunner.java:402)\r\n\tat org.testng.SuiteRunner.runSequentially(SuiteRunner.java:396)\r\n\tat org.testng.SuiteRunner.privateRun(SuiteRunner.java:355)\r\n\tat org.testng.SuiteRunner.run(SuiteRunner.java:304)\r\n\tat org.testng.SuiteRunnerWorker.runSuite(SuiteRunnerWorker.java:53)\r\n\tat org.testng.SuiteRunnerWorker.run(SuiteRunnerWorker.java:96)\r\n\tat org.testng.TestNG.runSuitesSequentially(TestNG.java:1180)\r\n\tat org.testng.TestNG.runSuitesLocally(TestNG.java:1102)\r\n\tat org.testng.TestNG.runSuites(TestNG.java:1032)\r\n\tat org.testng.TestNG.run(TestNG.java:1000)\r\n\tat com.intellij.rt.testng.IDEARemoteTestNG.run(IDEARemoteTestNG.java:66)\r\n\tat com.intellij.rt.testng.RemoteTestNGStarter.main(RemoteTestNGStarter.java:109)\r\n"},"stage":"finished","start":1626430354831,"stop":1626430356674}],"parameters":[]}